2016-02-03 16:53:12.127  INFO 10556 --- [main] o.c.providers.CbMockProviderApplication  : Starting CbMockProviderApplication on MPS-GMU with PID 10556 (started by guanlun.mu in C:\Users\Guanlun.Mu\Desktop\My Files\Projects\CaringBridge\providers4cb-mock)
2016-02-03 16:53:12.143  INFO 10556 --- [main] o.c.providers.CbMockProviderApplication  : No active profile set, falling back to default profiles: default
2016-02-03 16:53:12.268  INFO 10556 --- [main] ationConfigEmbeddedWebApplicationContext : Refreshing org.springframework.boot.context.embedded.AnnotationConfigEmbeddedWebApplicationContext@7d68ef40: startup date [Wed Feb 03 16:53:12 CST 2016]; root of context hierarchy
2016-02-03 16:53:14.499  INFO 10556 --- [main] o.s.b.f.s.DefaultListableBeanFactory     : Overriding bean definition for bean 'beanNameViewResolver' with a different definition: replacing [Root bean: class [null]; scope=; abstract=false; lazyInit=false; autowireMode=3; dependencyCheck=0; autowireCandidate=true; primary=false; factoryBeanName=org.springframework.boot.autoconfigure.web.ErrorMvcAutoConfiguration$WhitelabelErrorViewConfiguration; factoryMethodName=beanNameViewResolver; initMethodName=null; destroyMethodName=(inferred); defined in class path resource [org/springframework/boot/autoconfigure/web/ErrorMvcAutoConfiguration$WhitelabelErrorViewConfiguration.class]] with [Root bean: class [null]; scope=; abstract=false; lazyInit=false; autowireMode=3; dependencyCheck=0; autowireCandidate=true; primary=false; factoryBeanName=org.springframework.boot.autoconfigure.web.WebMvcAutoConfiguration$WebMvcAutoConfigurationAdapter; factoryMethodName=beanNameViewResolver; initMethodName=null; destroyMethodName=(inferred); defined in class path resource [org/springframework/boot/autoconfigure/web/WebMvcAutoConfiguration$WebMvcAutoConfigurationAdapter.class]]
2016-02-03 16:53:14.780  INFO 10556 --- [main] f.a.AutowiredAnnotationBeanPostProcessor : JSR-330 'javax.inject.Inject' annotation found and supported for autowiring
2016-02-03 16:53:15.217  WARN 10556 --- [main] io.undertow.websockets.jsr               : UT026009: XNIO worker was not set on WebSocketDeploymentInfo, the default worker will be used
2016-02-03 16:53:15.233  INFO 10556 --- [main] org.xnio                                 : XNIO version 3.3.3.Final
2016-02-03 16:53:15.264  INFO 10556 --- [main] org.xnio.nio                             : XNIO NIO Implementation Version 3.3.3.Final
2016-02-03 16:53:15.342  WARN 10556 --- [main] io.undertow.websockets.jsr               : UT026010: Buffer pool was not set on WebSocketDeploymentInfo, the default pool will be used
2016-02-03 16:53:15.358  INFO 10556 --- [main] io.undertow.servlet                      : Initializing Spring embedded WebApplicationContext
2016-02-03 16:53:15.358  INFO 10556 --- [main] o.s.web.context.ContextLoader            : Root WebApplicationContext: initialization completed in 3090 ms
2016-02-03 16:53:15.685  INFO 10556 --- [main] o.s.b.c.e.ServletRegistrationBean        : Mapping servlet: 'dispatcherServlet' to [/]
2016-02-03 16:53:15.685  INFO 10556 --- [main] o.s.b.c.embedded.FilterRegistrationBean  : Mapping filter: 'characterEncodingFilter' to: [/*]
2016-02-03 16:53:15.685  INFO 10556 --- [main] o.s.b.c.embedded.FilterRegistrationBean  : Mapping filter: 'hiddenHttpMethodFilter' to: [/*]
2016-02-03 16:53:15.685  INFO 10556 --- [main] o.s.b.c.embedded.FilterRegistrationBean  : Mapping filter: 'httpPutFormContentFilter' to: [/*]
2016-02-03 16:53:15.685  INFO 10556 --- [main] o.s.b.c.embedded.FilterRegistrationBean  : Mapping filter: 'requestContextFilter' to: [/*]
2016-02-03 16:53:15.920  INFO 10556 --- [main] s.w.s.m.m.a.RequestMappingHandlerMapping : Mapped "{[/provider/mock],methods=[GET]}" onto public org.caringbridge.providers.model.Provider org.caringbridge.providers.controllers.MockController.getProvider()
2016-02-03 16:53:15.920  INFO 10556 --- [main] s.w.s.m.m.a.RequestMappingHandlerMapping : Mapped "{[/provider/mock/funding/{provider_id}],methods=[GET]}" onto public org.caringbridge.providers.model.Funding org.caringbridge.providers.controllers.MockController.getFunding(java.lang.String)
2016-02-03 16:53:15.920  INFO 10556 --- [main] s.w.s.m.m.a.RequestMappingHandlerMapping : Mapped "{[/api-docs],methods=[GET]}" onto public org.springframework.http.ResponseEntity<com.mangofactory.swagger.models.dto.ResourceListing> com.mangofactory.swagger.controllers.DefaultSwaggerController.getResourceListing(java.lang.String)
2016-02-03 16:53:15.936  INFO 10556 --- [main] s.w.s.m.m.a.RequestMappingHandlerMapping : Mapped "{[/api-docs/{swaggerGroup}/{apiDeclaration}],methods=[GET]}" onto public org.springframework.http.ResponseEntity<com.mangofactory.swagger.models.dto.ApiListing> com.mangofactory.swagger.controllers.DefaultSwaggerController.getApiListing(java.lang.String,java.lang.String)
2016-02-03 16:53:15.936  INFO 10556 --- [main] s.w.s.m.m.a.RequestMappingHandlerMapping : Mapped "{[/error]}" onto public org.springframework.http.ResponseEntity<java.util.Map<java.lang.String, java.lang.Object>> org.springframework.boot.autoconfigure.web.BasicErrorController.error(javax.servlet.http.HttpServletRequest)
2016-02-03 16:53:15.936  INFO 10556 --- [main] s.w.s.m.m.a.RequestMappingHandlerMapping : Mapped "{[/error],produces=[text/html]}" onto public org.springframework.web.servlet.ModelAndView org.springframework.boot.autoconfigure.web.BasicErrorController.errorHtml(javax.servlet.http.HttpServletRequest,javax.servlet.http.HttpServletResponse)
2016-02-03 16:53:16.123  INFO 10556 --- [main] s.w.s.m.m.a.RequestMappingHandlerAdapter : Looking for @ControllerAdvice: org.springframework.boot.context.embedded.AnnotationConfigEmbeddedWebApplicationContext@7d68ef40: startup date [Wed Feb 03 16:53:12 CST 2016]; root of context hierarchy
2016-02-03 16:53:16.295  INFO 10556 --- [main] o.s.w.s.c.a.WebMvcConfigurerAdapter      : Adding welcome page: class path resource [static/index.html]
2016-02-03 16:53:16.310  INFO 10556 --- [main] o.s.w.s.handler.SimpleUrlHandlerMapping  : Root mapping to handler of type [class org.springframework.web.servlet.mvc.ParameterizableViewController]
2016-02-03 16:53:16.326  INFO 10556 --- [main] o.s.w.s.handler.SimpleUrlHandlerMapping  : Mapped URL path [/webjars/**] onto handler of type [class org.springframework.web.servlet.resource.ResourceHttpRequestHandler]
2016-02-03 16:53:16.326  INFO 10556 --- [main] o.s.w.s.handler.SimpleUrlHandlerMapping  : Mapped URL path [/**] onto handler of type [class org.springframework.web.servlet.resource.ResourceHttpRequestHandler]
2016-02-03 16:53:16.373  INFO 10556 --- [main] o.s.w.s.handler.SimpleUrlHandlerMapping  : Mapped URL path [/**/favicon.ico] onto handler of type [class org.springframework.web.servlet.resource.ResourceHttpRequestHandler]
2016-02-03 16:53:16.513  INFO 10556 --- [main] o.s.j.e.a.AnnotationMBeanExporter        : Registering beans for JMX exposure on startup
2016-02-03 16:53:16.529  INFO 10556 --- [main] c.m.swagger.plugin.SwaggerPluginAdapter  : Context refreshed
2016-02-03 16:53:16.529  INFO 10556 --- [main] c.m.swagger.plugin.SwaggerPluginAdapter  : Found custom SwaggerSpringMvcPlugins
2016-02-03 16:53:16.529  INFO 10556 --- [main] c.m.swagger.plugin.SwaggerPluginAdapter  : initializing plugin bean customImplementation
2016-02-03 16:53:16.544  INFO 10556 --- [main] c.m.s.s.ApiListingReferenceScanner       : Scanning for api listing references
2016-02-03 16:53:16.544  INFO 10556 --- [main] s.c.ClassOrApiAnnotationResourceGrouping : Group for method getProvider was provider
2016-02-03 16:53:16.544  INFO 10556 --- [main] c.m.s.s.ApiListingReferenceScanner       : Request mapping: getProvider belongs to groups: [[ResourceGroup{groupName='provider', position=0}]] 
2016-02-03 16:53:16.544  INFO 10556 --- [main] c.m.s.s.ApiListingReferenceScanner       : Adding resource to group:ResourceGroup{groupName='provider', position=0} with description:The controller that handle the request on /provider and return corresponding details for handler method:getProvider
2016-02-03 16:53:16.544  INFO 10556 --- [main] s.c.ClassOrApiAnnotationResourceGrouping : Group for method getFunding was provider
2016-02-03 16:53:16.544  INFO 10556 --- [main] c.m.s.s.ApiListingReferenceScanner       : Request mapping: getFunding belongs to groups: [[ResourceGroup{groupName='provider', position=0}]] 
2016-02-03 16:53:16.544  INFO 10556 --- [main] c.m.s.s.ApiListingReferenceScanner       : Adding resource to group:ResourceGroup{groupName='provider', position=0} with description:The controller that handle the request on /provider and return corresponding details for handler method:getFunding
2016-02-03 16:53:16.544  INFO 10556 --- [main] c.m.s.core.RequestMappingEvaluator       : Excluding method as it contains the excluded annotation: interface com.mangofactory.swagger.annotations.ApiIgnore
2016-02-03 16:53:16.544  INFO 10556 --- [main] c.m.s.core.RequestMappingEvaluator       : Excluding method as it contains the excluded annotation: interface com.mangofactory.swagger.annotations.ApiIgnore
2016-02-03 16:53:16.544  INFO 10556 --- [main] s.c.ClassOrApiAnnotationResourceGrouping : Group for method error was basic-error-controller
2016-02-03 16:53:16.544  INFO 10556 --- [main] c.m.s.s.ApiListingReferenceScanner       : Request mapping: error belongs to groups: [[ResourceGroup{groupName='basic-error-controller', position=0}]] 
2016-02-03 16:53:16.544  INFO 10556 --- [main] c.m.s.s.ApiListingReferenceScanner       : Adding resource to group:ResourceGroup{groupName='basic-error-controller', position=0} with description:Basic Error Controller for handler method:error
2016-02-03 16:53:16.544  INFO 10556 --- [main] s.c.ClassOrApiAnnotationResourceGrouping : Group for method errorHtml was basic-error-controller
2016-02-03 16:53:16.544  INFO 10556 --- [main] c.m.s.s.ApiListingReferenceScanner       : Request mapping: errorHtml belongs to groups: [[ResourceGroup{groupName='basic-error-controller', position=0}]] 
2016-02-03 16:53:16.544  INFO 10556 --- [main] c.m.s.s.ApiListingReferenceScanner       : Adding resource to group:ResourceGroup{groupName='basic-error-controller', position=0} with description:Basic Error Controller for handler method:errorHtml
2016-02-03 16:53:16.560  INFO 10556 --- [main] c.m.s.s.ApiListingReferenceScanner       : Created resource listing Path: /default/provider Description: provider Position: 0
2016-02-03 16:53:16.560  INFO 10556 --- [main] c.m.s.s.ApiListingReferenceScanner       : Created resource listing Path: /default/basic-error-controller Description: basic-error-controller Position: 0
2016-02-03 16:53:16.763  INFO 10556 --- [main] c.m.s.core.SwaggerApiResourceListing     : Added a resource listing with (2) api resources: 
2016-02-03 16:53:16.763  INFO 10556 --- [main] c.m.s.core.SwaggerApiResourceListing     :   Basic Error Controller at location: /api-docs/default/basic-error-controller
2016-02-03 16:53:16.763  INFO 10556 --- [main] c.m.s.core.SwaggerApiResourceListing     :   The controller that handle the request on /provider and return corresponding details at location: /api-docs/default/provider
2016-02-03 16:53:16.840  INFO 10556 --- [main] b.c.e.u.UndertowEmbeddedServletContainer : Undertow started on port(s) 12001 (http)
2016-02-03 16:53:16.856  INFO 10556 --- [main] o.c.providers.CbMockProviderApplication  : Started CbMockProviderApplication in 5.619 seconds (JVM running for 7.744)
2016-02-03 16:53:39.668  INFO 10556 --- [XNIO-2 task-1] io.undertow.servlet                      : Initializing Spring FrameworkServlet 'dispatcherServlet'
2016-02-03 16:53:39.669  INFO 10556 --- [XNIO-2 task-1] o.s.web.servlet.DispatcherServlet        : FrameworkServlet 'dispatcherServlet': initialization started
2016-02-03 16:53:39.707  INFO 10556 --- [XNIO-2 task-1] o.s.web.servlet.DispatcherServlet        : FrameworkServlet 'dispatcherServlet': initialization completed in 37 ms
2016-02-03 16:53:39.760  INFO 10556 --- [XNIO-2 task-1] Mock Controllers                         : Getting Provider
2016-02-03 16:53:52.887  INFO 10556 --- [XNIO-2 task-2] Mock Controllers                         : Getting Funding based on provider id {0}
2016-02-03 16:56:11.181  INFO 10556 --- [RMI TCP Connection(6)-10.10.30.30] inMXBeanRegistrar$SpringApplicationAdmin : Application shutdown requested.
2016-02-03 16:56:11.197  INFO 10556 --- [RMI TCP Connection(6)-10.10.30.30] ationConfigEmbeddedWebApplicationContext : Closing org.springframework.boot.context.embedded.AnnotationConfigEmbeddedWebApplicationContext@7d68ef40: startup date [Wed Feb 03 16:53:12 CST 2016]; root of context hierarchy
2016-02-03 16:56:11.213  INFO 10556 --- [RMI TCP Connection(6)-10.10.30.30] o.s.j.e.a.AnnotationMBeanExporter        : Unregistering JMX-exposed beans on shutdown
2016-02-03 16:56:11.229  INFO 10556 --- [RMI TCP Connection(6)-10.10.30.30] io.undertow.servlet                      : Destroying Spring FrameworkServlet 'dispatcherServlet'
2016-02-03 16:56:23.864  INFO 608 --- [main] o.c.providers.CbMockProviderApplication  : Starting CbMockProviderApplication on MPS-GMU with PID 608 (started by guanlun.mu in C:\Users\Guanlun.Mu\Desktop\My Files\Projects\CaringBridge\providers4cb-mock)
2016-02-03 16:56:23.879  INFO 608 --- [main] o.c.providers.CbMockProviderApplication  : No active profile set, falling back to default profiles: default
2016-02-03 16:56:24.004  INFO 608 --- [main] ationConfigEmbeddedWebApplicationContext : Refreshing org.springframework.boot.context.embedded.AnnotationConfigEmbeddedWebApplicationContext@7d68ef40: startup date [Wed Feb 03 16:56:24 CST 2016]; root of context hierarchy
2016-02-03 16:56:26.070  INFO 608 --- [main] o.s.b.f.s.DefaultListableBeanFactory     : Overriding bean definition for bean 'beanNameViewResolver' with a different definition: replacing [Root bean: class [null]; scope=; abstract=false; lazyInit=false; autowireMode=3; dependencyCheck=0; autowireCandidate=true; primary=false; factoryBeanName=org.springframework.boot.autoconfigure.web.ErrorMvcAutoConfiguration$WhitelabelErrorViewConfiguration; factoryMethodName=beanNameViewResolver; initMethodName=null; destroyMethodName=(inferred); defined in class path resource [org/springframework/boot/autoconfigure/web/ErrorMvcAutoConfiguration$WhitelabelErrorViewConfiguration.class]] with [Root bean: class [null]; scope=; abstract=false; lazyInit=false; autowireMode=3; dependencyCheck=0; autowireCandidate=true; primary=false; factoryBeanName=org.springframework.boot.autoconfigure.web.WebMvcAutoConfiguration$WebMvcAutoConfigurationAdapter; factoryMethodName=beanNameViewResolver; initMethodName=null; destroyMethodName=(inferred); defined in class path resource [org/springframework/boot/autoconfigure/web/WebMvcAutoConfiguration$WebMvcAutoConfigurationAdapter.class]]
2016-02-03 16:56:26.349  INFO 608 --- [main] f.a.AutowiredAnnotationBeanPostProcessor : JSR-330 'javax.inject.Inject' annotation found and supported for autowiring
2016-02-03 16:56:26.770  WARN 608 --- [main] io.undertow.websockets.jsr               : UT026009: XNIO worker was not set on WebSocketDeploymentInfo, the default worker will be used
2016-02-03 16:56:26.786  INFO 608 --- [main] org.xnio                                 : XNIO version 3.3.3.Final
2016-02-03 16:56:26.801  INFO 608 --- [main] org.xnio.nio                             : XNIO NIO Implementation Version 3.3.3.Final
2016-02-03 16:56:26.879  WARN 608 --- [main] io.undertow.websockets.jsr               : UT026010: Buffer pool was not set on WebSocketDeploymentInfo, the default pool will be used
2016-02-03 16:56:26.910  INFO 608 --- [main] io.undertow.servlet                      : Initializing Spring embedded WebApplicationContext
2016-02-03 16:56:26.910  INFO 608 --- [main] o.s.web.context.ContextLoader            : Root WebApplicationContext: initialization completed in 2906 ms
2016-02-03 16:56:27.285  INFO 608 --- [main] o.s.b.c.e.ServletRegistrationBean        : Mapping servlet: 'dispatcherServlet' to [/]
2016-02-03 16:56:27.285  INFO 608 --- [main] o.s.b.c.embedded.FilterRegistrationBean  : Mapping filter: 'characterEncodingFilter' to: [/*]
2016-02-03 16:56:27.285  INFO 608 --- [main] o.s.b.c.embedded.FilterRegistrationBean  : Mapping filter: 'hiddenHttpMethodFilter' to: [/*]
2016-02-03 16:56:27.285  INFO 608 --- [main] o.s.b.c.embedded.FilterRegistrationBean  : Mapping filter: 'httpPutFormContentFilter' to: [/*]
2016-02-03 16:56:27.285  INFO 608 --- [main] o.s.b.c.embedded.FilterRegistrationBean  : Mapping filter: 'requestContextFilter' to: [/*]
2016-02-03 16:56:27.551  INFO 608 --- [main] s.w.s.m.m.a.RequestMappingHandlerMapping : Mapped "{[/provider/mock],methods=[GET]}" onto public org.caringbridge.providers.model.Provider org.caringbridge.providers.controllers.MockController.getProvider()
2016-02-03 16:56:27.551  INFO 608 --- [main] s.w.s.m.m.a.RequestMappingHandlerMapping : Mapped "{[/provider/mock/funding/{provider_id}],methods=[GET]}" onto public org.caringbridge.providers.model.Funding org.caringbridge.providers.controllers.MockController.getFunding(java.lang.String)
2016-02-03 16:56:27.551  INFO 608 --- [main] s.w.s.m.m.a.RequestMappingHandlerMapping : Mapped "{[/api-docs],methods=[GET]}" onto public org.springframework.http.ResponseEntity<com.mangofactory.swagger.models.dto.ResourceListing> com.mangofactory.swagger.controllers.DefaultSwaggerController.getResourceListing(java.lang.String)
2016-02-03 16:56:27.551  INFO 608 --- [main] s.w.s.m.m.a.RequestMappingHandlerMapping : Mapped "{[/api-docs/{swaggerGroup}/{apiDeclaration}],methods=[GET]}" onto public org.springframework.http.ResponseEntity<com.mangofactory.swagger.models.dto.ApiListing> com.mangofactory.swagger.controllers.DefaultSwaggerController.getApiListing(java.lang.String,java.lang.String)
2016-02-03 16:56:27.567  INFO 608 --- [main] s.w.s.m.m.a.RequestMappingHandlerMapping : Mapped "{[/error]}" onto public org.springframework.http.ResponseEntity<java.util.Map<java.lang.String, java.lang.Object>> org.springframework.boot.autoconfigure.web.BasicErrorController.error(javax.servlet.http.HttpServletRequest)
2016-02-03 16:56:27.567  INFO 608 --- [main] s.w.s.m.m.a.RequestMappingHandlerMapping : Mapped "{[/error],produces=[text/html]}" onto public org.springframework.web.servlet.ModelAndView org.springframework.boot.autoconfigure.web.BasicErrorController.errorHtml(javax.servlet.http.HttpServletRequest,javax.servlet.http.HttpServletResponse)
2016-02-03 16:56:27.816  INFO 608 --- [main] s.w.s.m.m.a.RequestMappingHandlerAdapter : Looking for @ControllerAdvice: org.springframework.boot.context.embedded.AnnotationConfigEmbeddedWebApplicationContext@7d68ef40: startup date [Wed Feb 03 16:56:24 CST 2016]; root of context hierarchy
2016-02-03 16:56:28.035  INFO 608 --- [main] o.s.w.s.c.a.WebMvcConfigurerAdapter      : Adding welcome page: class path resource [static/index.html]
2016-02-03 16:56:28.050  INFO 608 --- [main] o.s.w.s.handler.SimpleUrlHandlerMapping  : Root mapping to handler of type [class org.springframework.web.servlet.mvc.ParameterizableViewController]
2016-02-03 16:56:28.066  INFO 608 --- [main] o.s.w.s.handler.SimpleUrlHandlerMapping  : Mapped URL path [/webjars/**] onto handler of type [class org.springframework.web.servlet.resource.ResourceHttpRequestHandler]
2016-02-03 16:56:28.066  INFO 608 --- [main] o.s.w.s.handler.SimpleUrlHandlerMapping  : Mapped URL path [/**] onto handler of type [class org.springframework.web.servlet.resource.ResourceHttpRequestHandler]
2016-02-03 16:56:28.113  INFO 608 --- [main] o.s.w.s.handler.SimpleUrlHandlerMapping  : Mapped URL path [/**/favicon.ico] onto handler of type [class org.springframework.web.servlet.resource.ResourceHttpRequestHandler]
2016-02-03 16:56:28.253  INFO 608 --- [main] o.s.j.e.a.AnnotationMBeanExporter        : Registering beans for JMX exposure on startup
2016-02-03 16:56:28.253  INFO 608 --- [main] c.m.swagger.plugin.SwaggerPluginAdapter  : Context refreshed
2016-02-03 16:56:28.253  INFO 608 --- [main] c.m.swagger.plugin.SwaggerPluginAdapter  : Found custom SwaggerSpringMvcPlugins
2016-02-03 16:56:28.253  INFO 608 --- [main] c.m.swagger.plugin.SwaggerPluginAdapter  : initializing plugin bean customImplementation
2016-02-03 16:56:28.269  INFO 608 --- [main] c.m.s.s.ApiListingReferenceScanner       : Scanning for api listing references
2016-02-03 16:56:28.269  INFO 608 --- [main] s.c.ClassOrApiAnnotationResourceGrouping : Group for method getProvider was provider
2016-02-03 16:56:28.269  INFO 608 --- [main] c.m.s.s.ApiListingReferenceScanner       : Request mapping: getProvider belongs to groups: [[ResourceGroup{groupName='provider', position=0}]] 
2016-02-03 16:56:28.269  INFO 608 --- [main] c.m.s.s.ApiListingReferenceScanner       : Adding resource to group:ResourceGroup{groupName='provider', position=0} with description:The controller that handle the request on /provider and return corresponding details for handler method:getProvider
2016-02-03 16:56:28.269  INFO 608 --- [main] s.c.ClassOrApiAnnotationResourceGrouping : Group for method getFunding was provider
2016-02-03 16:56:28.284  INFO 608 --- [main] c.m.s.s.ApiListingReferenceScanner       : Request mapping: getFunding belongs to groups: [[ResourceGroup{groupName='provider', position=0}]] 
2016-02-03 16:56:28.284  INFO 608 --- [main] c.m.s.s.ApiListingReferenceScanner       : Adding resource to group:ResourceGroup{groupName='provider', position=0} with description:The controller that handle the request on /provider and return corresponding details for handler method:getFunding
2016-02-03 16:56:28.284  INFO 608 --- [main] c.m.s.core.RequestMappingEvaluator       : Excluding method as it contains the excluded annotation: interface com.mangofactory.swagger.annotations.ApiIgnore
2016-02-03 16:56:28.284  INFO 608 --- [main] c.m.s.core.RequestMappingEvaluator       : Excluding method as it contains the excluded annotation: interface com.mangofactory.swagger.annotations.ApiIgnore
2016-02-03 16:56:28.284  INFO 608 --- [main] s.c.ClassOrApiAnnotationResourceGrouping : Group for method error was basic-error-controller
2016-02-03 16:56:28.284  INFO 608 --- [main] c.m.s.s.ApiListingReferenceScanner       : Request mapping: error belongs to groups: [[ResourceGroup{groupName='basic-error-controller', position=0}]] 
2016-02-03 16:56:28.284  INFO 608 --- [main] c.m.s.s.ApiListingReferenceScanner       : Adding resource to group:ResourceGroup{groupName='basic-error-controller', position=0} with description:Basic Error Controller for handler method:error
2016-02-03 16:56:28.284  INFO 608 --- [main] s.c.ClassOrApiAnnotationResourceGrouping : Group for method errorHtml was basic-error-controller
2016-02-03 16:56:28.284  INFO 608 --- [main] c.m.s.s.ApiListingReferenceScanner       : Request mapping: errorHtml belongs to groups: [[ResourceGroup{groupName='basic-error-controller', position=0}]] 
2016-02-03 16:56:28.284  INFO 608 --- [main] c.m.s.s.ApiListingReferenceScanner       : Adding resource to group:ResourceGroup{groupName='basic-error-controller', position=0} with description:Basic Error Controller for handler method:errorHtml
2016-02-03 16:56:28.284  INFO 608 --- [main] c.m.s.s.ApiListingReferenceScanner       : Created resource listing Path: /default/provider Description: provider Position: 0
2016-02-03 16:56:28.284  INFO 608 --- [main] c.m.s.s.ApiListingReferenceScanner       : Created resource listing Path: /default/basic-error-controller Description: basic-error-controller Position: 0
2016-02-03 16:56:28.549  INFO 608 --- [main] c.m.s.core.SwaggerApiResourceListing     : Added a resource listing with (2) api resources: 
2016-02-03 16:56:28.549  INFO 608 --- [main] c.m.s.core.SwaggerApiResourceListing     :   Basic Error Controller at location: /api-docs/default/basic-error-controller
2016-02-03 16:56:28.549  INFO 608 --- [main] c.m.s.core.SwaggerApiResourceListing     :   The controller that handle the request on /provider and return corresponding details at location: /api-docs/default/provider
2016-02-03 16:56:28.644  INFO 608 --- [main] b.c.e.u.UndertowEmbeddedServletContainer : Undertow started on port(s) 12001 (http)
2016-02-03 16:56:28.644  INFO 608 --- [main] o.c.providers.CbMockProviderApplication  : Started CbMockProviderApplication in 5.436 seconds (JVM running for 7.205)
2016-02-03 16:56:33.578  INFO 608 --- [XNIO-2 task-1] io.undertow.servlet                      : Initializing Spring FrameworkServlet 'dispatcherServlet'
2016-02-03 16:56:33.579  INFO 608 --- [XNIO-2 task-1] o.s.web.servlet.DispatcherServlet        : FrameworkServlet 'dispatcherServlet': initialization started
2016-02-03 16:56:33.615  INFO 608 --- [XNIO-2 task-1] o.s.web.servlet.DispatcherServlet        : FrameworkServlet 'dispatcherServlet': initialization completed in 36 ms
2016-02-03 16:56:33.685  INFO 608 --- [XNIO-2 task-1] Mock Controllers                         : Getting Funding based on provider id e3d
2016-02-04 09:20:09.134  INFO 608 --- [XNIO-2 task-2] Mock Controllers                         : Getting Funding based on provider id 2d32f4
2016-02-04 09:48:10.762  INFO 608 --- [RMI TCP Connection(256)-10.10.30.30] inMXBeanRegistrar$SpringApplicationAdmin : Application shutdown requested.
2016-02-04 09:48:10.764  INFO 608 --- [RMI TCP Connection(256)-10.10.30.30] ationConfigEmbeddedWebApplicationContext : Closing org.springframework.boot.context.embedded.AnnotationConfigEmbeddedWebApplicationContext@7d68ef40: startup date [Wed Feb 03 16:56:24 CST 2016]; root of context hierarchy
2016-02-04 09:48:10.775  INFO 608 --- [RMI TCP Connection(256)-10.10.30.30] o.s.j.e.a.AnnotationMBeanExporter        : Unregistering JMX-exposed beans on shutdown
2016-02-04 09:48:10.797  INFO 608 --- [RMI TCP Connection(256)-10.10.30.30] io.undertow.servlet                      : Destroying Spring FrameworkServlet 'dispatcherServlet'
2016-02-04 09:48:27.377  INFO 10472 --- [main] o.c.providers.CbMockProviderApplication  : Starting CbMockProviderApplication on MPS-GMU with PID 10472 (started by guanlun.mu in C:\Users\Guanlun.Mu\Desktop\My Files\Projects\CaringBridge\providers4cb-mock)
2016-02-04 09:48:27.390  INFO 10472 --- [main] o.c.providers.CbMockProviderApplication  : No active profile set, falling back to default profiles: default
2016-02-04 09:48:27.596  INFO 10472 --- [main] ationConfigEmbeddedWebApplicationContext : Refreshing org.springframework.boot.context.embedded.AnnotationConfigEmbeddedWebApplicationContext@7d68ef40: startup date [Thu Feb 04 09:48:27 CST 2016]; root of context hierarchy
2016-02-04 09:48:30.379  INFO 10472 --- [main] o.s.b.f.s.DefaultListableBeanFactory     : Overriding bean definition for bean 'beanNameViewResolver' with a different definition: replacing [Root bean: class [null]; scope=; abstract=false; lazyInit=false; autowireMode=3; dependencyCheck=0; autowireCandidate=true; primary=false; factoryBeanName=org.springframework.boot.autoconfigure.web.ErrorMvcAutoConfiguration$WhitelabelErrorViewConfiguration; factoryMethodName=beanNameViewResolver; initMethodName=null; destroyMethodName=(inferred); defined in class path resource [org/springframework/boot/autoconfigure/web/ErrorMvcAutoConfiguration$WhitelabelErrorViewConfiguration.class]] with [Root bean: class [null]; scope=; abstract=false; lazyInit=false; autowireMode=3; dependencyCheck=0; autowireCandidate=true; primary=false; factoryBeanName=org.springframework.boot.autoconfigure.web.WebMvcAutoConfiguration$WebMvcAutoConfigurationAdapter; factoryMethodName=beanNameViewResolver; initMethodName=null; destroyMethodName=(inferred); defined in class path resource [org/springframework/boot/autoconfigure/web/WebMvcAutoConfiguration$WebMvcAutoConfigurationAdapter.class]]
2016-02-04 09:48:30.793  INFO 10472 --- [main] f.a.AutowiredAnnotationBeanPostProcessor : JSR-330 'javax.inject.Inject' annotation found and supported for autowiring
2016-02-04 09:48:31.217  WARN 10472 --- [main] io.undertow.websockets.jsr               : UT026009: XNIO worker was not set on WebSocketDeploymentInfo, the default worker will be used
2016-02-04 09:48:31.233  INFO 10472 --- [main] org.xnio                                 : XNIO version 3.3.3.Final
2016-02-04 09:48:31.251  INFO 10472 --- [main] org.xnio.nio                             : XNIO NIO Implementation Version 3.3.3.Final
2016-02-04 09:48:31.321  WARN 10472 --- [main] io.undertow.websockets.jsr               : UT026010: Buffer pool was not set on WebSocketDeploymentInfo, the default pool will be used
2016-02-04 09:48:31.342  INFO 10472 --- [main] io.undertow.servlet                      : Initializing Spring embedded WebApplicationContext
2016-02-04 09:48:31.343  INFO 10472 --- [main] o.s.web.context.ContextLoader            : Root WebApplicationContext: initialization completed in 3762 ms
2016-02-04 09:48:31.672  INFO 10472 --- [main] o.s.b.c.e.ServletRegistrationBean        : Mapping servlet: 'dispatcherServlet' to [/]
2016-02-04 09:48:31.677  INFO 10472 --- [main] o.s.b.c.embedded.FilterRegistrationBean  : Mapping filter: 'characterEncodingFilter' to: [/*]
2016-02-04 09:48:31.678  INFO 10472 --- [main] o.s.b.c.embedded.FilterRegistrationBean  : Mapping filter: 'hiddenHttpMethodFilter' to: [/*]
2016-02-04 09:48:31.679  INFO 10472 --- [main] o.s.b.c.embedded.FilterRegistrationBean  : Mapping filter: 'httpPutFormContentFilter' to: [/*]
2016-02-04 09:48:31.679  INFO 10472 --- [main] o.s.b.c.embedded.FilterRegistrationBean  : Mapping filter: 'requestContextFilter' to: [/*]
2016-02-04 09:48:31.897  INFO 10472 --- [main] s.w.s.m.m.a.RequestMappingHandlerMapping : Mapped "{[/provider/mock],methods=[GET]}" onto public org.caringbridge.providers.model.Provider org.caringbridge.providers.controllers.MockController.getProvider()
2016-02-04 09:48:31.898  INFO 10472 --- [main] s.w.s.m.m.a.RequestMappingHandlerMapping : Mapped "{[/provider/mock/funding/{provider_id}],methods=[GET]}" onto public org.caringbridge.providers.model.Funding org.caringbridge.providers.controllers.MockController.getFunding(java.lang.String)
2016-02-04 09:48:31.905  INFO 10472 --- [main] s.w.s.m.m.a.RequestMappingHandlerMapping : Mapped "{[/api-docs],methods=[GET]}" onto public org.springframework.http.ResponseEntity<com.mangofactory.swagger.models.dto.ResourceListing> com.mangofactory.swagger.controllers.DefaultSwaggerController.getResourceListing(java.lang.String)
2016-02-04 09:48:31.906  INFO 10472 --- [main] s.w.s.m.m.a.RequestMappingHandlerMapping : Mapped "{[/api-docs/{swaggerGroup}/{apiDeclaration}],methods=[GET]}" onto public org.springframework.http.ResponseEntity<com.mangofactory.swagger.models.dto.ApiListing> com.mangofactory.swagger.controllers.DefaultSwaggerController.getApiListing(java.lang.String,java.lang.String)
2016-02-04 09:48:31.912  INFO 10472 --- [main] s.w.s.m.m.a.RequestMappingHandlerMapping : Mapped "{[/error]}" onto public org.springframework.http.ResponseEntity<java.util.Map<java.lang.String, java.lang.Object>> org.springframework.boot.autoconfigure.web.BasicErrorController.error(javax.servlet.http.HttpServletRequest)
2016-02-04 09:48:31.913  INFO 10472 --- [main] s.w.s.m.m.a.RequestMappingHandlerMapping : Mapped "{[/error],produces=[text/html]}" onto public org.springframework.web.servlet.ModelAndView org.springframework.boot.autoconfigure.web.BasicErrorController.errorHtml(javax.servlet.http.HttpServletRequest,javax.servlet.http.HttpServletResponse)
2016-02-04 09:48:32.075  INFO 10472 --- [main] s.w.s.m.m.a.RequestMappingHandlerAdapter : Looking for @ControllerAdvice: org.springframework.boot.context.embedded.AnnotationConfigEmbeddedWebApplicationContext@7d68ef40: startup date [Thu Feb 04 09:48:27 CST 2016]; root of context hierarchy
2016-02-04 09:48:32.236  INFO 10472 --- [main] o.s.w.s.c.a.WebMvcConfigurerAdapter      : Adding welcome page: class path resource [static/index.html]
2016-02-04 09:48:32.250  INFO 10472 --- [main] o.s.w.s.handler.SimpleUrlHandlerMapping  : Root mapping to handler of type [class org.springframework.web.servlet.mvc.ParameterizableViewController]
2016-02-04 09:48:32.268  INFO 10472 --- [main] o.s.w.s.handler.SimpleUrlHandlerMapping  : Mapped URL path [/webjars/**] onto handler of type [class org.springframework.web.servlet.resource.ResourceHttpRequestHandler]
2016-02-04 09:48:32.268  INFO 10472 --- [main] o.s.w.s.handler.SimpleUrlHandlerMapping  : Mapped URL path [/**] onto handler of type [class org.springframework.web.servlet.resource.ResourceHttpRequestHandler]
2016-02-04 09:48:32.318  INFO 10472 --- [main] o.s.w.s.handler.SimpleUrlHandlerMapping  : Mapped URL path [/**/favicon.ico] onto handler of type [class org.springframework.web.servlet.resource.ResourceHttpRequestHandler]
2016-02-04 09:48:32.460  INFO 10472 --- [main] o.s.j.e.a.AnnotationMBeanExporter        : Registering beans for JMX exposure on startup
2016-02-04 09:48:32.474  INFO 10472 --- [main] c.m.swagger.plugin.SwaggerPluginAdapter  : Context refreshed
2016-02-04 09:48:32.474  INFO 10472 --- [main] c.m.swagger.plugin.SwaggerPluginAdapter  : Found custom SwaggerSpringMvcPlugins
2016-02-04 09:48:32.475  INFO 10472 --- [main] c.m.swagger.plugin.SwaggerPluginAdapter  : initializing plugin bean customImplementation
2016-02-04 09:48:32.484  INFO 10472 --- [main] c.m.s.s.ApiListingReferenceScanner       : Scanning for api listing references
2016-02-04 09:48:32.488  INFO 10472 --- [main] s.c.ClassOrApiAnnotationResourceGrouping : Group for method getProvider was provider
2016-02-04 09:48:32.491  INFO 10472 --- [main] c.m.s.s.ApiListingReferenceScanner       : Request mapping: getProvider belongs to groups: [[ResourceGroup{groupName='provider', position=0}]] 
2016-02-04 09:48:32.492  INFO 10472 --- [main] c.m.s.s.ApiListingReferenceScanner       : Adding resource to group:ResourceGroup{groupName='provider', position=0} with description:The controller that handle the request on /provider and return corresponding details for handler method:getProvider
2016-02-04 09:48:32.492  INFO 10472 --- [main] s.c.ClassOrApiAnnotationResourceGrouping : Group for method getFunding was provider
2016-02-04 09:48:32.493  INFO 10472 --- [main] c.m.s.s.ApiListingReferenceScanner       : Request mapping: getFunding belongs to groups: [[ResourceGroup{groupName='provider', position=0}]] 
2016-02-04 09:48:32.493  INFO 10472 --- [main] c.m.s.s.ApiListingReferenceScanner       : Adding resource to group:ResourceGroup{groupName='provider', position=0} with description:The controller that handle the request on /provider and return corresponding details for handler method:getFunding
2016-02-04 09:48:32.494  INFO 10472 --- [main] c.m.s.core.RequestMappingEvaluator       : Excluding method as it contains the excluded annotation: interface com.mangofactory.swagger.annotations.ApiIgnore
2016-02-04 09:48:32.494  INFO 10472 --- [main] c.m.s.core.RequestMappingEvaluator       : Excluding method as it contains the excluded annotation: interface com.mangofactory.swagger.annotations.ApiIgnore
2016-02-04 09:48:32.495  INFO 10472 --- [main] s.c.ClassOrApiAnnotationResourceGrouping : Group for method error was basic-error-controller
2016-02-04 09:48:32.496  INFO 10472 --- [main] c.m.s.s.ApiListingReferenceScanner       : Request mapping: error belongs to groups: [[ResourceGroup{groupName='basic-error-controller', position=0}]] 
2016-02-04 09:48:32.496  INFO 10472 --- [main] c.m.s.s.ApiListingReferenceScanner       : Adding resource to group:ResourceGroup{groupName='basic-error-controller', position=0} with description:Basic Error Controller for handler method:error
2016-02-04 09:48:32.496  INFO 10472 --- [main] s.c.ClassOrApiAnnotationResourceGrouping : Group for method errorHtml was basic-error-controller
2016-02-04 09:48:32.497  INFO 10472 --- [main] c.m.s.s.ApiListingReferenceScanner       : Request mapping: errorHtml belongs to groups: [[ResourceGroup{groupName='basic-error-controller', position=0}]] 
2016-02-04 09:48:32.497  INFO 10472 --- [main] c.m.s.s.ApiListingReferenceScanner       : Adding resource to group:ResourceGroup{groupName='basic-error-controller', position=0} with description:Basic Error Controller for handler method:errorHtml
2016-02-04 09:48:32.508  INFO 10472 --- [main] c.m.s.s.ApiListingReferenceScanner       : Created resource listing Path: /default/provider Description: provider Position: 0
2016-02-04 09:48:32.508  INFO 10472 --- [main] c.m.s.s.ApiListingReferenceScanner       : Created resource listing Path: /default/basic-error-controller Description: basic-error-controller Position: 0
2016-02-04 09:48:32.752  INFO 10472 --- [main] c.m.s.core.SwaggerApiResourceListing     : Added a resource listing with (2) api resources: 
2016-02-04 09:48:32.753  INFO 10472 --- [main] c.m.s.core.SwaggerApiResourceListing     :   Basic Error Controller at location: /api-docs/default/basic-error-controller
2016-02-04 09:48:32.753  INFO 10472 --- [main] c.m.s.core.SwaggerApiResourceListing     :   The controller that handle the request on /provider and return corresponding details at location: /api-docs/default/provider
2016-02-04 09:48:32.865  INFO 10472 --- [main] b.c.e.u.UndertowEmbeddedServletContainer : Undertow started on port(s) 12001 (http)
2016-02-04 09:48:32.871  INFO 10472 --- [main] o.c.providers.CbMockProviderApplication  : Started CbMockProviderApplication in 6.471 seconds (JVM running for 8.873)
2016-02-04 09:49:23.083  INFO 10472 --- [XNIO-2 task-1] io.undertow.servlet                      : Initializing Spring FrameworkServlet 'dispatcherServlet'
2016-02-04 09:49:23.083  INFO 10472 --- [XNIO-2 task-1] o.s.web.servlet.DispatcherServlet        : FrameworkServlet 'dispatcherServlet': initialization started
2016-02-04 09:49:23.118  INFO 10472 --- [XNIO-2 task-1] o.s.web.servlet.DispatcherServlet        : FrameworkServlet 'dispatcherServlet': initialization completed in 34 ms
2016-02-04 09:49:23.269  INFO 10472 --- [XNIO-2 task-1] Mock Controllers                         : Getting Funding based on provider id 2d32f4
2016-02-04 09:49:23.270  INFO 10472 --- [XNIO-2 task-1] Mock Service                             : Getting Funding based on providerId2d32f4.....
2016-02-04 09:49:23.271  INFO 10472 --- [XNIO-2 task-1] Mock Dao                                 : Generating random value for Funding......
2016-02-04 09:49:23.275  INFO 10472 --- [XNIO-2 task-1] Mock Dao                                 : Returning the Funding......
2016-02-04 09:49:33.735  INFO 10472 --- [XNIO-2 task-2] Mock Controllers                         : Getting Provider
2016-02-04 09:49:33.736  INFO 10472 --- [XNIO-2 task-2] Mock Service                             : Getting provider infomation......
2016-02-04 09:49:33.736  INFO 10472 --- [XNIO-2 task-2] Mock Dao                                 : Generating provider information......
2016-02-04 09:49:33.737  INFO 10472 --- [XNIO-2 task-2] Mock Dao                                 : Returning the provider information......
2016-02-04 09:59:53.140  INFO 10472 --- [RMI TCP Connection(16)-10.10.30.30] inMXBeanRegistrar$SpringApplicationAdmin : Application shutdown requested.
2016-02-04 09:59:53.140  INFO 10472 --- [RMI TCP Connection(16)-10.10.30.30] ationConfigEmbeddedWebApplicationContext : Closing org.springframework.boot.context.embedded.AnnotationConfigEmbeddedWebApplicationContext@7d68ef40: startup date [Thu Feb 04 09:48:27 CST 2016]; root of context hierarchy
2016-02-04 09:59:53.156  INFO 10472 --- [RMI TCP Connection(16)-10.10.30.30] o.s.j.e.a.AnnotationMBeanExporter        : Unregistering JMX-exposed beans on shutdown
2016-02-04 09:59:53.172  INFO 10472 --- [RMI TCP Connection(16)-10.10.30.30] io.undertow.servlet                      : Destroying Spring FrameworkServlet 'dispatcherServlet'
2016-02-04 10:00:06.293  INFO 8616 --- [main] o.c.providers.CbMockProviderApplication  : Starting CbMockProviderApplication on MPS-GMU with PID 8616 (started by guanlun.mu in C:\Users\Guanlun.Mu\Desktop\My Files\Projects\CaringBridge\providers4cb-mock)
2016-02-04 10:00:06.324  INFO 8616 --- [main] o.c.providers.CbMockProviderApplication  : No active profile set, falling back to default profiles: default
2016-02-04 10:00:06.558  INFO 8616 --- [main] ationConfigEmbeddedWebApplicationContext : Refreshing org.springframework.boot.context.embedded.AnnotationConfigEmbeddedWebApplicationContext@7d68ef40: startup date [Thu Feb 04 10:00:06 CST 2016]; root of context hierarchy
2016-02-04 10:00:08.492  INFO 8616 --- [main] o.s.b.f.s.DefaultListableBeanFactory     : Overriding bean definition for bean 'beanNameViewResolver' with a different definition: replacing [Root bean: class [null]; scope=; abstract=false; lazyInit=false; autowireMode=3; dependencyCheck=0; autowireCandidate=true; primary=false; factoryBeanName=org.springframework.boot.autoconfigure.web.ErrorMvcAutoConfiguration$WhitelabelErrorViewConfiguration; factoryMethodName=beanNameViewResolver; initMethodName=null; destroyMethodName=(inferred); defined in class path resource [org/springframework/boot/autoconfigure/web/ErrorMvcAutoConfiguration$WhitelabelErrorViewConfiguration.class]] with [Root bean: class [null]; scope=; abstract=false; lazyInit=false; autowireMode=3; dependencyCheck=0; autowireCandidate=true; primary=false; factoryBeanName=org.springframework.boot.autoconfigure.web.WebMvcAutoConfiguration$WebMvcAutoConfigurationAdapter; factoryMethodName=beanNameViewResolver; initMethodName=null; destroyMethodName=(inferred); defined in class path resource [org/springframework/boot/autoconfigure/web/WebMvcAutoConfiguration$WebMvcAutoConfigurationAdapter.class]]
2016-02-04 10:00:08.823  INFO 8616 --- [main] f.a.AutowiredAnnotationBeanPostProcessor : JSR-330 'javax.inject.Inject' annotation found and supported for autowiring
2016-02-04 10:00:09.275  WARN 8616 --- [main] io.undertow.websockets.jsr               : UT026009: XNIO worker was not set on WebSocketDeploymentInfo, the default worker will be used
2016-02-04 10:00:09.306  INFO 8616 --- [main] org.xnio                                 : XNIO version 3.3.3.Final
2016-02-04 10:00:09.322  INFO 8616 --- [main] org.xnio.nio                             : XNIO NIO Implementation Version 3.3.3.Final
2016-02-04 10:00:09.384  WARN 8616 --- [main] io.undertow.websockets.jsr               : UT026010: Buffer pool was not set on WebSocketDeploymentInfo, the default pool will be used
2016-02-04 10:00:09.400  INFO 8616 --- [main] io.undertow.servlet                      : Initializing Spring embedded WebApplicationContext
2016-02-04 10:00:09.400  INFO 8616 --- [main] o.s.web.context.ContextLoader            : Root WebApplicationContext: initialization completed in 2842 ms
2016-02-04 10:00:09.696  INFO 8616 --- [main] o.s.b.c.e.ServletRegistrationBean        : Mapping servlet: 'dispatcherServlet' to [/]
2016-02-04 10:00:09.712  INFO 8616 --- [main] o.s.b.c.embedded.FilterRegistrationBean  : Mapping filter: 'characterEncodingFilter' to: [/*]
2016-02-04 10:00:09.712  INFO 8616 --- [main] o.s.b.c.embedded.FilterRegistrationBean  : Mapping filter: 'hiddenHttpMethodFilter' to: [/*]
2016-02-04 10:00:09.712  INFO 8616 --- [main] o.s.b.c.embedded.FilterRegistrationBean  : Mapping filter: 'httpPutFormContentFilter' to: [/*]
2016-02-04 10:00:09.712  INFO 8616 --- [main] o.s.b.c.embedded.FilterRegistrationBean  : Mapping filter: 'requestContextFilter' to: [/*]
2016-02-04 10:00:09.885  INFO 8616 --- [main] s.w.s.m.m.a.RequestMappingHandlerMapping : Mapped "{[/provider/mock],methods=[GET]}" onto public org.caringbridge.providers.model.Provider org.caringbridge.providers.controllers.MockController.getProvider()
2016-02-04 10:00:09.885  INFO 8616 --- [main] s.w.s.m.m.a.RequestMappingHandlerMapping : Mapped "{[/provider/mock/funding/{provider_id}],methods=[GET]}" onto public org.caringbridge.providers.model.Funding org.caringbridge.providers.controllers.MockController.getFunding(java.lang.String)
2016-02-04 10:00:09.885  INFO 8616 --- [main] s.w.s.m.m.a.RequestMappingHandlerMapping : Mapped "{[/api-docs],methods=[GET]}" onto public org.springframework.http.ResponseEntity<com.mangofactory.swagger.models.dto.ResourceListing> com.mangofactory.swagger.controllers.DefaultSwaggerController.getResourceListing(java.lang.String)
2016-02-04 10:00:09.885  INFO 8616 --- [main] s.w.s.m.m.a.RequestMappingHandlerMapping : Mapped "{[/api-docs/{swaggerGroup}/{apiDeclaration}],methods=[GET]}" onto public org.springframework.http.ResponseEntity<com.mangofactory.swagger.models.dto.ApiListing> com.mangofactory.swagger.controllers.DefaultSwaggerController.getApiListing(java.lang.String,java.lang.String)
2016-02-04 10:00:09.900  INFO 8616 --- [main] s.w.s.m.m.a.RequestMappingHandlerMapping : Mapped "{[/error]}" onto public org.springframework.http.ResponseEntity<java.util.Map<java.lang.String, java.lang.Object>> org.springframework.boot.autoconfigure.web.BasicErrorController.error(javax.servlet.http.HttpServletRequest)
2016-02-04 10:00:09.900  INFO 8616 --- [main] s.w.s.m.m.a.RequestMappingHandlerMapping : Mapped "{[/error],produces=[text/html]}" onto public org.springframework.web.servlet.ModelAndView org.springframework.boot.autoconfigure.web.BasicErrorController.errorHtml(javax.servlet.http.HttpServletRequest,javax.servlet.http.HttpServletResponse)
2016-02-04 10:00:10.041  INFO 8616 --- [main] s.w.s.m.m.a.RequestMappingHandlerAdapter : Looking for @ControllerAdvice: org.springframework.boot.context.embedded.AnnotationConfigEmbeddedWebApplicationContext@7d68ef40: startup date [Thu Feb 04 10:00:06 CST 2016]; root of context hierarchy
2016-02-04 10:00:10.259  INFO 8616 --- [main] o.s.w.s.c.a.WebMvcConfigurerAdapter      : Adding welcome page: class path resource [static/index.html]
2016-02-04 10:00:10.275  INFO 8616 --- [main] o.s.w.s.handler.SimpleUrlHandlerMapping  : Root mapping to handler of type [class org.springframework.web.servlet.mvc.ParameterizableViewController]
2016-02-04 10:00:10.290  INFO 8616 --- [main] o.s.w.s.handler.SimpleUrlHandlerMapping  : Mapped URL path [/webjars/**] onto handler of type [class org.springframework.web.servlet.resource.ResourceHttpRequestHandler]
2016-02-04 10:00:10.290  INFO 8616 --- [main] o.s.w.s.handler.SimpleUrlHandlerMapping  : Mapped URL path [/**] onto handler of type [class org.springframework.web.servlet.resource.ResourceHttpRequestHandler]
2016-02-04 10:00:10.321  INFO 8616 --- [main] o.s.w.s.handler.SimpleUrlHandlerMapping  : Mapped URL path [/**/favicon.ico] onto handler of type [class org.springframework.web.servlet.resource.ResourceHttpRequestHandler]
2016-02-04 10:00:10.462  INFO 8616 --- [main] o.s.j.e.a.AnnotationMBeanExporter        : Registering beans for JMX exposure on startup
2016-02-04 10:00:10.477  INFO 8616 --- [main] c.m.swagger.plugin.SwaggerPluginAdapter  : Context refreshed
2016-02-04 10:00:10.477  INFO 8616 --- [main] c.m.swagger.plugin.SwaggerPluginAdapter  : Found custom SwaggerSpringMvcPlugins
2016-02-04 10:00:10.477  INFO 8616 --- [main] c.m.swagger.plugin.SwaggerPluginAdapter  : initializing plugin bean customImplementation
2016-02-04 10:00:10.477  INFO 8616 --- [main] c.m.s.s.ApiListingReferenceScanner       : Scanning for api listing references
2016-02-04 10:00:10.493  INFO 8616 --- [main] s.c.ClassOrApiAnnotationResourceGrouping : Group for method getProvider was provider
2016-02-04 10:00:10.493  INFO 8616 --- [main] c.m.s.s.ApiListingReferenceScanner       : Request mapping: getProvider belongs to groups: [[ResourceGroup{groupName='provider', position=0}]] 
2016-02-04 10:00:10.493  INFO 8616 --- [main] c.m.s.s.ApiListingReferenceScanner       : Adding resource to group:ResourceGroup{groupName='provider', position=0} with description:The controller that handle the request on /provider and return corresponding details for handler method:getProvider
2016-02-04 10:00:10.493  INFO 8616 --- [main] s.c.ClassOrApiAnnotationResourceGrouping : Group for method getFunding was provider
2016-02-04 10:00:10.493  INFO 8616 --- [main] c.m.s.s.ApiListingReferenceScanner       : Request mapping: getFunding belongs to groups: [[ResourceGroup{groupName='provider', position=0}]] 
2016-02-04 10:00:10.493  INFO 8616 --- [main] c.m.s.s.ApiListingReferenceScanner       : Adding resource to group:ResourceGroup{groupName='provider', position=0} with description:The controller that handle the request on /provider and return corresponding details for handler method:getFunding
2016-02-04 10:00:10.493  INFO 8616 --- [main] c.m.s.core.RequestMappingEvaluator       : Excluding method as it contains the excluded annotation: interface com.mangofactory.swagger.annotations.ApiIgnore
2016-02-04 10:00:10.493  INFO 8616 --- [main] c.m.s.core.RequestMappingEvaluator       : Excluding method as it contains the excluded annotation: interface com.mangofactory.swagger.annotations.ApiIgnore
2016-02-04 10:00:10.493  INFO 8616 --- [main] s.c.ClassOrApiAnnotationResourceGrouping : Group for method error was basic-error-controller
2016-02-04 10:00:10.493  INFO 8616 --- [main] c.m.s.s.ApiListingReferenceScanner       : Request mapping: error belongs to groups: [[ResourceGroup{groupName='basic-error-controller', position=0}]] 
2016-02-04 10:00:10.493  INFO 8616 --- [main] c.m.s.s.ApiListingReferenceScanner       : Adding resource to group:ResourceGroup{groupName='basic-error-controller', position=0} with description:Basic Error Controller for handler method:error
2016-02-04 10:00:10.493  INFO 8616 --- [main] s.c.ClassOrApiAnnotationResourceGrouping : Group for method errorHtml was basic-error-controller
2016-02-04 10:00:10.493  INFO 8616 --- [main] c.m.s.s.ApiListingReferenceScanner       : Request mapping: errorHtml belongs to groups: [[ResourceGroup{groupName='basic-error-controller', position=0}]] 
2016-02-04 10:00:10.493  INFO 8616 --- [main] c.m.s.s.ApiListingReferenceScanner       : Adding resource to group:ResourceGroup{groupName='basic-error-controller', position=0} with description:Basic Error Controller for handler method:errorHtml
2016-02-04 10:00:10.509  INFO 8616 --- [main] c.m.s.s.ApiListingReferenceScanner       : Created resource listing Path: /default/provider Description: provider Position: 0
2016-02-04 10:00:10.509  INFO 8616 --- [main] c.m.s.s.ApiListingReferenceScanner       : Created resource listing Path: /default/basic-error-controller Description: basic-error-controller Position: 0
2016-02-04 10:00:10.711  INFO 8616 --- [main] c.m.s.core.SwaggerApiResourceListing     : Added a resource listing with (2) api resources: 
2016-02-04 10:00:10.711  INFO 8616 --- [main] c.m.s.core.SwaggerApiResourceListing     :   Basic Error Controller at location: /api-docs/default/basic-error-controller
2016-02-04 10:00:10.711  INFO 8616 --- [main] c.m.s.core.SwaggerApiResourceListing     :   The controller that handle the request on /provider and return corresponding details at location: /api-docs/default/provider
2016-02-04 10:00:10.790  INFO 8616 --- [main] b.c.e.u.UndertowEmbeddedServletContainer : Undertow started on port(s) 12001 (http)
2016-02-04 10:00:10.790  INFO 8616 --- [main] o.c.providers.CbMockProviderApplication  : Started CbMockProviderApplication in 5.442 seconds (JVM running for 7.615)
2016-02-04 10:00:46.643  INFO 8616 --- [XNIO-2 task-1] io.undertow.servlet                      : Initializing Spring FrameworkServlet 'dispatcherServlet'
2016-02-04 10:00:46.650  INFO 8616 --- [XNIO-2 task-1] o.s.web.servlet.DispatcherServlet        : FrameworkServlet 'dispatcherServlet': initialization started
2016-02-04 10:00:46.708  INFO 8616 --- [XNIO-2 task-1] o.s.web.servlet.DispatcherServlet        : FrameworkServlet 'dispatcherServlet': initialization completed in 58 ms
2016-02-04 10:00:46.885  INFO 8616 --- [XNIO-2 task-1] Mock Controllers                         : Calling mock service to get provider information......
2016-02-04 10:00:46.887  INFO 8616 --- [XNIO-2 task-1] Mock Service                             : Calling mock DAO to get provider information......
2016-02-04 10:00:46.894  INFO 8616 --- [XNIO-2 task-1] Mock Dao                                 : Generating provider information......
2016-02-04 10:00:46.895  INFO 8616 --- [XNIO-2 task-1] Mock Dao                                 : Returning the provider information......
2016-02-04 10:00:51.207  INFO 8616 --- [XNIO-2 task-2] Mock Controllers                         : Calling mock service to get Funding based on provider id e3d
2016-02-04 10:00:51.208  INFO 8616 --- [XNIO-2 task-2] Mock Service                             : Calling mock DAO to get Funding based on provider id e3d......
2016-02-04 10:00:51.208  INFO 8616 --- [XNIO-2 task-2] Mock Dao                                 : Generating random value for Funding......
2016-02-04 10:00:51.211  INFO 8616 --- [XNIO-2 task-2] Mock Dao                                 : Returning the Funding......
2016-02-04 10:42:41.341  INFO 8616 --- [RMI TCP Connection(47)-10.10.30.30] inMXBeanRegistrar$SpringApplicationAdmin : Application shutdown requested.
2016-02-04 10:42:41.341  INFO 8616 --- [RMI TCP Connection(47)-10.10.30.30] ationConfigEmbeddedWebApplicationContext : Closing org.springframework.boot.context.embedded.AnnotationConfigEmbeddedWebApplicationContext@7d68ef40: startup date [Thu Feb 04 10:00:06 CST 2016]; root of context hierarchy
2016-02-04 10:42:41.357  INFO 8616 --- [RMI TCP Connection(47)-10.10.30.30] o.s.j.e.a.AnnotationMBeanExporter        : Unregistering JMX-exposed beans on shutdown
2016-02-04 10:42:41.372  INFO 8616 --- [RMI TCP Connection(47)-10.10.30.30] io.undertow.servlet                      : Destroying Spring FrameworkServlet 'dispatcherServlet'
